<?xml version="1.0" encoding="UTF-8" ?>
<testsuite tests="6" failures="0" name="UserServiceTest" time="1.406" errors="0" skipped="0">
  <properties>
[...]
</properties>
  <testcase classname="UserServiceTest" name="saveUser" time="0.837"/>
  <testcase classname="UserServiceTest" name="removeUserById" time="0.134"/>
  <testcase classname="UserServiceTest" name="getAllUsers" time="0.125"/>
  <testcase classname="UserServiceTest" name="dropUsersTable" time="0.056"/>
  <testcase classname="UserServiceTest" name="createUsersTable" time="0.062"/>
  <testcase classname="UserServiceTest" name="cleanUsersTable" time="0.192"/>
</testsuite>